Arguments: 
  /usr/bin/node /usr/share/yarn/bin/yarn.js

PATH: 
  /home/qiscus/code/playground/react-native-qiscus-ui/node_modules/.bin:/home/qiscus/.local/bin:/home/qiscus/.local/bin:/home/qiscus/bin:/usr/local/sbin:/usr/local/bin:/usr/sbin:/usr/bin:/sbin:/bin:/usr/games:/usr/local/games:/home/qiscus/Android/Sdk/build-tools/29.0.2:/snap/bin:/home/qiscus/Android/Sdk/emulator:/home/qiscus/Android/Sdk/tools:/home/qiscus/Android/Sdk/tools/bin:/home/qiscus/Android/Sdk/platform-tools

Yarn version: 
  1.19.1

Node version: 
  8.10.0

Platform: 
  linux x64

Trace: 
  Error: https://registry.yarnpkg.com/react-native-qiscus-ui: Not found
      at Request.params.callback [as _callback] (/usr/share/yarn/lib/cli.js:66926:18)
      at Request.self.callback (/usr/share/yarn/lib/cli.js:140564:22)
      at emitTwo (events.js:126:13)
      at Request.emit (events.js:214:7)
      at Request.<anonymous> (/usr/share/yarn/lib/cli.js:141536:10)
      at emitOne (events.js:116:13)
      at Request.emit (events.js:211:7)
      at IncomingMessage.<anonymous> (/usr/share/yarn/lib/cli.js:141458:12)
      at Object.onceWrapper (events.js:313:30)
      at emitNone (events.js:111:20)

npm manifest: 
  {
    "name": "react-native-qiscus-ui",
    "version": "1.0.0",
    "description": "",
    "main": "index.js",
    "scripts": {
      "test": "echo \"Error: no test specified\" && exit 1"
    },
    "dependencies": {
      "@react-native-community/async-storage": "^1.6.2",
      "axios": "0.19.0",
      "mitt": "1.2.0",
      "moment": "2.24.0",
      "qiscus-sdk-core": "2.8.36",
      "react": "latest",
      "react-native": "0.61.2",
      "react-redux": "7.1.1",
      "redux": "4.0.4",
      "redux-devtools-extension": "2.13.8",
      "redux-persist": "6.0.0",
      "xstream": "11.11.0"
    },
    "keywords": [],
    "author": "",
    "license": "ISC"
  }

yarn manifest: 
  No manifest

Lockfile: 
  No lockfile
